<?xml version="1.0" encoding="UTF-8"?>
<!-- Generated by org.testng.reporters.JUnitReportReporter -->
<testsuite hostname="DESKTOP-1I7T66E" failures="0" tests="2" name="test.testcase" time="8.249" errors="0" timestamp="22 Dec 2022 15:08:31 GMT">
  <testcase classname="test.testcase" name="t2_delete" time="0.481"/>
  <testcase classname="test.testcase" name="t1_post" time="7.768"/>
</testsuite> <!-- test.testcase -->
